<?xml version="1.0" encoding="utf-8"?><testsuites name="pytest tests"><testsuite name="pytest" errors="0" failures="0" skipped="0" tests="7" time="3.479" timestamp="2026-06-13T05:26:58.562380+00:00" hostname="agent-env-493f9315-eb74-4a34-bd80-874a7fc0bdd7"><testcase classname="backend.tests.test_xpdc_api.TestHealth" name="test_health_returns_ok" time="0.123" /><testcase classname="backend.tests.test_xpdc_api.TestInquiryValidation" name="test_inquiry_missing_required_fields_returns_422" time="0.093" /><testcase classname="backend.tests.test_xpdc_api.TestInquiryValidation" name="test_inquiry_invalid_email_returns_422" time="0.104" /><testcase classname="backend.tests.test_xpdc_api.TestInquiryValidation" name="test_inquiry_missing_phone_returns_422" time="0.151" /><testcase classname="backend.tests.test_xpdc_api.TestInquirySubmission" name="test_inquiry_submission_success[Air Freight]" time="1.184" /><testcase classname="backend.tests.test_xpdc_api.TestInquirySubmission" name="test_inquiry_submission_success[FCL]" time="0.828" /><testcase classname="backend.tests.test_xpdc_api.TestInquirySubmission" name="test_inquiry_submission_success[LCL]" time="0.813" /></testsuite></testsuites>